{
  "timestamp": "2026-01-14T07:31:14.267Z",
  "memberId": "001f7d32-38ea-4c20-b6f2-dabd8b42ad71",
  "payloadBoardMembers": [
    {
      "id": "6e1f0cf6-dde3-4880-baf5-4d5d390f45a3",
      "fullName": "መጋቢ አሻግሬ ወ/ጻድቅ",
      "phoneNumber": "+251911058557"
    },
    {
      "id": "7ce5539e-fce2-4df6-90a4-4b1345b6ea42",
      "fullName": "አወቀ ጌጡ",
      "phoneNumber": "+251911905651"
    },
    {
      "id": "aaba1789-ecce-43e4-bb80-359c22a5f2e4",
      "fullName": "ሰርክአለም ከተማ",
      "phoneNumber": "+251982556890"
    },
    {
      "id": "e7205c6f-5d41-492d-8a63-3c15f77bc1aa",
      "fullName": "በረከት ሚካኤል (መሥራች)",
      "phoneNumber": "+251913965581"
    }
  ],
  "existingIdsInDb": [
    {
      "id": "268af9d0-f63a-4960-9321-bb6fca79b25a"
    },
    {
      "id": "6e1f0cf6-dde3-4880-baf5-4d5d390f45a3"
    },
    {
      "id": "7ce5539e-fce2-4df6-90a4-4b1345b6ea42"
    },
    {
      "id": "aaba1789-ecce-43e4-bb80-359c22a5f2e4"
    },
    {
      "id": "e7205c6f-5d41-492d-8a63-3c15f77bc1aa"
    }
  ],
  "incomingIds": [
    "6e1f0cf6-dde3-4880-baf5-4d5d390f45a3",
    "7ce5539e-fce2-4df6-90a4-4b1345b6ea42",
    "aaba1789-ecce-43e4-bb80-359c22a5f2e4",
    "e7205c6f-5d41-492d-8a63-3c15f77bc1aa"
  ]
}
